2019-10-24 04:39:16,854 - selenium - INFO - 在section：environment下读取browser的值
2019-10-24 04:39:16,855 - selenium - INFO - Read browser configuration, value：chrome
2019-10-24 04:39:16,855 - selenium - INFO - 在section：environment下读取url的值
2019-10-24 04:39:16,855 - selenium - INFO - Read url configuration, value：http://blr.9161252.com
2019-10-24 04:39:21,743 - selenium - INFO - Visit website：http://blr.9161252.com
2019-10-24 04:39:21,909 - selenium - INFO - Browser maximization
2019-10-24 04:39:21,913 - selenium - INFO - Set static wait time 10 seconds
2019-10-24 04:39:21,914 - selenium - INFO - Executing use test case:
2019-10-24 04:39:32,921 - selenium - ERROR - 用例执行失败，原因：Message: 

2019-10-24 04:39:32,922 - selenium - INFO - Assert Verify success：expected outcome:{None} == actual results:{None}
2019-10-24 04:39:33,072 - selenium - INFO - Screenshot saved successfully!
2019-10-24 04:39:33,073 - selenium - INFO - Successful execution of test cases:

2019-10-24 04:39:33,073 - selenium - INFO - Executing use test case:注册页面，检测账号字段规则（是否为必填项）
2019-10-24 04:39:33,073 - selenium - INFO - input data:username:,password:,passwd:,phone:,code:,suc:0,assert:帐号6-10位数字或字母
2019-10-24 04:39:44,089 - selenium - ERROR - Failure of test case execution! Reason：Message: 

2019-10-24 04:39:44,369 - selenium - INFO - Executing use test case:注册页面，检测账号字段规则（长度是否不能小于6位）
2019-10-24 04:39:44,369 - selenium - INFO - input data:username:12,password:,passwd:,phone:,code:,suc:0,assert:帐号6-10位数字或字母
2019-10-24 04:39:52,202 - selenium - ERROR - Failure of test case execution! Reason：Message: Failed to find value field

2019-10-24 04:39:52,210 - selenium - INFO - Executing use test case:注册页面，检测账号字段规则（是否不能包含中文）
2019-10-24 04:39:52,210 - selenium - INFO - input data:username:阿斯顿但是我,password:,passwd:,phone:,code:,suc:0,assert:帐号6-10位数字或字母
2019-10-24 04:39:52,521 - selenium - ERROR - Failure of test case execution! Reason：Message: Failed to decode response from marionette

2019-10-24 04:39:52,522 - selenium - INFO - Executing use test case:注册页面，检测账号字段规则（是否不能包含特殊字符）
2019-10-24 04:39:52,522 - selenium - INFO - input data:username:*&#123abc,password:,passwd:,phone:,code:,suc:0,assert:帐号6-10位数字或字母
2019-10-24 04:39:52,523 - selenium - ERROR - Failure of test case execution! Reason：Message: Tried to run command without establishing a connection

2019-10-24 04:39:52,525 - selenium - INFO - Executing use test case:注册页面，检测账号字段规则（长度是否不能小于6位）
2019-10-24 04:39:52,525 - selenium - INFO - input data:username:123as,password:,passwd:,phone:,code:,suc:0,assert:帐号6-10位数字或字母
2019-10-24 04:39:52,526 - selenium - ERROR - Failure of test case execution! Reason：Message: Tried to run command without establishing a connection

2019-10-24 04:39:52,527 - selenium - INFO - Executing use test case:注册页面，检测密码字段规则（是否为必填项）
2019-10-24 04:39:52,527 - selenium - INFO - input data:username:Entech9999,password:,passwd:,phone:,code:,suc:0,assert:密码8-20位数字或字母
2019-10-24 04:39:52,528 - selenium - ERROR - Failure of test case execution! Reason：Message: Tried to run command without establishing a connection

2019-10-24 04:39:52,530 - selenium - INFO - Executing use test case:注册页面，检测验证码字段规则（是否为必填项）
2019-10-24 04:39:52,531 - selenium - INFO - input data:username:Entech9999,password:12345678,passwd:12345678,phone:,code:,suc:0,assert:请输入验证码
2019-10-24 04:39:52,533 - selenium - ERROR - Failure of test case execution! Reason：Message: Tried to run command without establishing a connection

2019-10-24 04:39:52,538 - selenium - INFO - Executing use test case:注册页面，检测手机号字段规则（是否为必填项）
2019-10-24 04:39:52,538 - selenium - INFO - input data:username:Entech9999,password:12345678,passwd:12345678,phone:1233,code:,suc:0,assert:请输入手机号
2019-10-24 04:39:52,539 - selenium - ERROR - Failure of test case execution! Reason：Message: Tried to run command without establishing a connection

2019-10-24 04:39:52,543 - selenium - INFO - Executing use test case:注册页面，检测密码字段规则（最小长度是否为8位）
2019-10-24 04:39:52,543 - selenium - INFO - input data:username:Entech9999,password:12345,passwd:12345,phone:1233,code:11144434443,suc:0,assert:密码 的最小长度为 8 字符
2019-10-24 04:39:52,544 - selenium - ERROR - Failure of test case execution! Reason：Message: Tried to run command without establishing a connection

2019-10-24 04:39:52,546 - selenium - INFO - Executing use test case:注册页面，检测密码字段规则（最小长度是否为8位）
2019-10-24 04:39:52,546 - selenium - INFO - input data:username:Entech9999,password:1234,passwd:1234,phone:1233,code:11144434443,suc:0,assert:密码8-20位数字或字母
2019-10-24 04:39:52,547 - selenium - ERROR - Failure of test case execution! Reason：Message: Tried to run command without establishing a connection

2019-10-24 04:39:52,548 - selenium - INFO - Executing use test case:注册页面，检测手机号字段规则（手机格式）
2019-10-24 04:39:52,548 - selenium - INFO - input data:username:Entech9999,password:12345678,passwd:12345678,phone:1233,code:11144434443,suc:0,assert:请填写正确的手机号码.
2019-10-24 04:39:52,549 - selenium - ERROR - Failure of test case execution! Reason：Message: Tried to run command without establishing a connection

2019-10-24 04:39:52,550 - selenium - INFO - Executing use test case:注册页面，检测密码字段规则（是否区分密码字母大小写）
2019-10-24 04:39:52,551 - selenium - INFO - input data:username:Entech9999,password:1234567a,passwd:1234567A,phone:1233,code:13944434443,suc:0,assert:两次密码不一致
2019-10-24 04:39:52,553 - selenium - ERROR - Failure of test case execution! Reason：Message: Tried to run command without establishing a connection

2019-10-24 04:39:52,555 - selenium - INFO - Executing use test case:注册页面，检测是否能阻止重复注册
2019-10-24 04:39:52,555 - selenium - INFO - input data:username:enintech0,password:987456123,passwd:987456123,phone:1233,code:13944434443,suc:0,assert:帐号已存在
2019-10-24 04:39:52,556 - selenium - ERROR - Failure of test case execution! Reason：Message: Tried to run command without establishing a connection

2019-10-24 04:39:52,559 - selenium - INFO - Executing use test case:注册页面，检测验证码字段规则（错误验证码是否阻止注册）
2019-10-24 04:39:52,559 - selenium - INFO - input data:username:Entech9999,password:1234567a,passwd:1234567a,phone:1111,code:13944434443,suc:0,assert:验证码错误
2019-10-24 04:39:52,560 - selenium - ERROR - Failure of test case execution! Reason：Message: Tried to run command without establishing a connection

2019-10-24 04:39:52,563 - selenium - INFO - Executing use test case:检测是否能够成功注册账号
2019-10-24 04:39:52,598 - selenium - INFO - 在section：environment下读取browser的值
2019-10-24 04:39:52,598 - selenium - INFO - Read browser configuration, value：chrome
2019-10-24 04:39:52,598 - selenium - INFO - 在section：environment下读取url的值
2019-10-24 04:39:52,598 - selenium - INFO - Read url configuration, value：http://blr.9161252.com
2019-10-24 04:39:54,601 - selenium - ERROR - Browser open error
Traceback (most recent call last):
  File "/root/PycharmProjects/blr.9161252.com/venv/lib/python3.7/site-packages/urllib3/connectionpool.py", line 377, in _make_request
    httplib_response = conn.getresponse(buffering=True)
TypeError: getresponse() got an unexpected keyword argument 'buffering'

During handling of the above exception, another exception occurred:

Traceback (most recent call last):
  File "/root/PycharmProjects/blr.9161252.com/Common/basePage.py", line 114, in open_browser
    self.driver = webdriver.Firefox()
  File "/root/PycharmProjects/blr.9161252.com/venv/lib/python3.7/site-packages/selenium/webdriver/firefox/webdriver.py", line 174, in __init__
    keep_alive=True)
  File "/root/PycharmProjects/blr.9161252.com/venv/lib/python3.7/site-packages/selenium/webdriver/remote/webdriver.py", line 157, in __init__
    self.start_session(capabilities, browser_profile)
  File "/root/PycharmProjects/blr.9161252.com/venv/lib/python3.7/site-packages/selenium/webdriver/remote/webdriver.py", line 252, in start_session
    response = self.execute(Command.NEW_SESSION, parameters)
  File "/root/PycharmProjects/blr.9161252.com/venv/lib/python3.7/site-packages/selenium/webdriver/remote/webdriver.py", line 319, in execute
    response = self.command_executor.execute(driver_command, params)
  File "/root/PycharmProjects/blr.9161252.com/venv/lib/python3.7/site-packages/selenium/webdriver/remote/remote_connection.py", line 374, in execute
    return self._request(command_info[0], url, body=data)
  File "/root/PycharmProjects/blr.9161252.com/venv/lib/python3.7/site-packages/selenium/webdriver/remote/remote_connection.py", line 397, in _request
    resp = self._conn.request(method, url, body=body, headers=headers)
  File "/root/PycharmProjects/blr.9161252.com/venv/lib/python3.7/site-packages/urllib3/request.py", line 72, in request
    **urlopen_kw)
  File "/root/PycharmProjects/blr.9161252.com/venv/lib/python3.7/site-packages/urllib3/request.py", line 150, in request_encode_body
    return self.urlopen(method, url, **extra_kw)
  File "/root/PycharmProjects/blr.9161252.com/venv/lib/python3.7/site-packages/urllib3/poolmanager.py", line 324, in urlopen
    response = conn.urlopen(method, u.request_uri, **kw)
  File "/root/PycharmProjects/blr.9161252.com/venv/lib/python3.7/site-packages/urllib3/connectionpool.py", line 600, in urlopen
    chunked=chunked)
  File "/root/PycharmProjects/blr.9161252.com/venv/lib/python3.7/site-packages/urllib3/connectionpool.py", line 380, in _make_request
    httplib_response = conn.getresponse()
  File "/usr/lib/python3.7/http/client.py", line 1336, in getresponse
    response.begin()
  File "/usr/lib/python3.7/http/client.py", line 306, in begin
    version, status, reason = self._read_status()
  File "/usr/lib/python3.7/http/client.py", line 267, in _read_status
    line = str(self.fp.readline(_MAXLINE + 1), "iso-8859-1")
  File "/usr/lib/python3.7/socket.py", line 589, in readinto
    return self._sock.recv_into(b)
KeyboardInterrupt
2019-10-24 04:39:54,640 - selenium - INFO - 在section：environment下读取browser的值
2019-10-24 04:39:54,641 - selenium - INFO - Read browser configuration, value：chrome
2019-10-24 04:39:54,641 - selenium - INFO - 在section：environment下读取url的值
2019-10-24 04:39:54,642 - selenium - INFO - Read url configuration, value：http://blr.9161252.com
